Determining if the function sgemm_ exists failed with the following output:
Change Dir: /home/liuchaoqun/Documents/cPlus/build/CMakeFiles/CMakeTmp

Run Build Command(s):/usr/bin/gmake -f Makefile cmTC_84703/fast && /usr/bin/gmake  -f CMakeFiles/cmTC_84703.dir/build.make CMakeFiles/cmTC_84703.dir/build
gmake[1]: Entering directory '/home/liuchaoqun/Documents/cPlus/build/CMakeFiles/CMakeTmp'
Building C object CMakeFiles/cmTC_84703.dir/CheckFunctionExists.c.o
/usr/bin/cc   -DCHECK_FUNCTION_EXISTS=sgemm_ -o CMakeFiles/cmTC_84703.dir/CheckFunctionExists.c.o -c /usr/share/cmake-3.22/Modules/CheckFunctionExists.c
Linking C executable cmTC_84703
/usr/bin/cmake -E cmake_link_script CMakeFiles/cmTC_84703.dir/link.txt --verbose=1
/usr/bin/cc  -DCHECK_FUNCTION_EXISTS=sgemm_ -rdynamic CMakeFiles/cmTC_84703.dir/CheckFunctionExists.c.o -o cmTC_84703 
/usr/bin/ld: CMakeFiles/cmTC_84703.dir/CheckFunctionExists.c.o: in function `main':
CheckFunctionExists.c:(.text+0x14): undefined reference to `sgemm_'
collect2: error: ld returned 1 exit status
gmake[1]: *** [CMakeFiles/cmTC_84703.dir/build.make:99: cmTC_84703] Error 1
gmake[1]: Leaving directory '/home/liuchaoqun/Documents/cPlus/build/CMakeFiles/CMakeTmp'
gmake: *** [Makefile:127: cmTC_84703/fast] Error 2



Determining if the function cheev_ exists failed with the following output:
Change Dir: /home/liuchaoqun/Documents/cPlus/build/CMakeFiles/CMakeTmp

Run Build Command(s):/usr/bin/gmake -f Makefile cmTC_b28cf/fast && /usr/bin/gmake  -f CMakeFiles/cmTC_b28cf.dir/build.make CMakeFiles/cmTC_b28cf.dir/build
gmake[1]: Entering directory '/home/liuchaoqun/Documents/cPlus/build/CMakeFiles/CMakeTmp'
Building C object CMakeFiles/cmTC_b28cf.dir/CheckFunctionExists.c.o
/usr/bin/cc   -DCHECK_FUNCTION_EXISTS=cheev_ -o CMakeFiles/cmTC_b28cf.dir/CheckFunctionExists.c.o -c /usr/share/cmake-3.22/Modules/CheckFunctionExists.c
Linking C executable cmTC_b28cf
/usr/bin/cmake -E cmake_link_script CMakeFiles/cmTC_b28cf.dir/link.txt --verbose=1
/usr/bin/cc  -DCHECK_FUNCTION_EXISTS=cheev_ -rdynamic CMakeFiles/cmTC_b28cf.dir/CheckFunctionExists.c.o -o cmTC_b28cf  /usr/lib/x86_64-linux-gnu/libblas.so -lm -ldl 
/usr/bin/ld: CMakeFiles/cmTC_b28cf.dir/CheckFunctionExists.c.o: in function `main':
CheckFunctionExists.c:(.text+0x14): undefined reference to `cheev_'
collect2: error: ld returned 1 exit status
gmake[1]: *** [CMakeFiles/cmTC_b28cf.dir/build.make:100: cmTC_b28cf] Error 1
gmake[1]: Leaving directory '/home/liuchaoqun/Documents/cPlus/build/CMakeFiles/CMakeTmp'
gmake: *** [Makefile:127: cmTC_b28cf/fast] Error 2



Determining if the function cheev_ exists failed with the following output:
Change Dir: /home/liuchaoqun/Documents/cPlus/build/CMakeFiles/CMakeTmp

Run Build Command(s):/usr/bin/gmake -f Makefile cmTC_b9738/fast && /usr/bin/gmake  -f CMakeFiles/cmTC_b9738.dir/build.make CMakeFiles/cmTC_b9738.dir/build
gmake[1]: Entering directory '/home/liuchaoqun/Documents/cPlus/build/CMakeFiles/CMakeTmp'
Building C object CMakeFiles/cmTC_b9738.dir/CheckFunctionExists.c.o
/usr/bin/cc   -DCHECK_FUNCTION_EXISTS=cheev_ -o CMakeFiles/cmTC_b9738.dir/CheckFunctionExists.c.o -c /usr/share/cmake-3.22/Modules/CheckFunctionExists.c
Linking C executable cmTC_b9738
/usr/bin/cmake -E cmake_link_script CMakeFiles/cmTC_b9738.dir/link.txt --verbose=1
/usr/bin/cc  -DCHECK_FUNCTION_EXISTS=cheev_ -rdynamic CMakeFiles/cmTC_b9738.dir/CheckFunctionExists.c.o -o cmTC_b9738  /usr/lib/x86_64-linux-gnu/liblapack.so /usr/lib/x86_64-linux-gnu/libblas.so -fortranlibs 
cc: error: unrecognized command-line option ‘-fortranlibs’
gmake[1]: *** [CMakeFiles/cmTC_b9738.dir/build.make:101: cmTC_b9738] Error 1
gmake[1]: Leaving directory '/home/liuchaoqun/Documents/cPlus/build/CMakeFiles/CMakeTmp'
gmake: *** [Makefile:127: cmTC_b9738/fast] Error 2



